<?xml version="1.0" encoding="UTF-8"?>
<!-- Generated by org.testng.reporters.JUnitReportReporter -->
<testsuite hostname="Soumyad34" failures="0" tests="1" name="self.practice.tests.EmicalculatorTest" time="10.744" errors="0" timestamp="2024-07-10T02:07:47 IST" skipped="0">
  <testcase classname="self.practice.tests.EmicalculatorTest" name="test" time="10.744"/>
</testsuite> <!-- self.practice.tests.EmicalculatorTest -->
